<?xml version="1.0" encoding="UTF-8"?>
<testsuite xmlns:xsi="http://www.w3.org/2001/XMLSchema-instance" xsi:noNamespaceSchemaLocation="https://maven.apache.org/surefire/maven-surefire-plugin/xsd/surefire-test-report-3.0.xsd" version="3.0" name="com.skillstorm.FindMaxTests" time="0.065" tests="6" errors="0" skipped="0" failures="0">
  <properties>
[...]
</properties>
  <testcase name="someNegativeValuesTest" classname="com.skillstorm.FindMaxTests" time="0.029"/>
  <testcase name="nullArrayTest" classname="com.skillstorm.FindMaxTests" time="0.004"/>
  <testcase name="emptyArrayTest" classname="com.skillstorm.FindMaxTests" time="0.003"/>
  <testcase name="allNegativeValuesTest" classname="com.skillstorm.FindMaxTests" time="0.0"/>
  <testcase name="multipleValuesTest" classname="com.skillstorm.FindMaxTests" time="0.001"/>
  <testcase name="oneValuesTest" classname="com.skillstorm.FindMaxTests" time="0.001"/>
</testsuite>